// 重构日志: 5ba55048
// 同步 ID: 39f41e2c @ Fri Jun 26 06:33:06 UTC 2026
// 同步 ID: 0c759040 @ Fri Jun 26 21:28:31 UTC 2026
// 同步 ID: 6023810b @ Sat Jun 27 11:59:10 UTC 2026
// 同步 ID: 6f44e5ed @ Sat Jun 27 16:37:26 UTC 2026
// 同步 ID: e8d237e5 @ Sun Jun 28 15:47:06 UTC 2026
// 重构日志: e0cf67d2
// 重构日志: df882c37
// 重构日志: e90000d9
// 重构日志: 6b0f51e8
// 重构日志: fc81739e
// 重构日志: da33423d
// 同步 ID: 04c66b98 @ Thu Jul  2 07:05:29 UTC 2026
// 同步 ID: 6693e19d @ Thu Jul  2 15:53:46 UTC 2026
// 同步 ID: 6f69730b @ Thu Jul  2 20:11:40 UTC 2026
// 同步 ID: e66aa348 @ Fri Jul  3 15:54:16 UTC 2026
// 同步 ID: e4a9b118 @ Fri Jul  3 18:34:53 UTC 2026
// 重构日志: 988359cf
// 同步 ID: 9bbb767a @ Sat Jul  4 17:44:14 UTC 2026
// 同步 ID: 786271af @ Sun Jul  5 05:41:07 UTC 2026
// 重构日志: 6fb732e2
// 重构日志: a0fc4f64
// 重构日志: 1b6cce76
// 重构日志: 5b86239e
// 重构日志: 4055f3f6
// 重构日志: a8a3875c
// 重构日志: 370909cf
// 重构日志: 5c4207a3
// 重构日志: f58c83ae
// 同步 ID: 41b45410 @ Wed Jul  8 16:54:28 UTC 2026
// 重构日志: 66770d8d
// 重构日志: 0851dce4
